<?xml version="1.0" encoding="UTF-8"?>
<!-- Generated by org.testng.reporters.JUnitXMLReporter -->
<testsuite ignored="0" hostname="DESKTOP-RQSL0MD" failures="0" tests="3" name="Default test" time="3.024" errors="0" timestamp="2024-06-19T11:57:26 IST">
  <testcase classname="com.sgtesting.employee.pojoemptests.CreateEmployeeScenarioDemo" name="createEmployee" time="2.605"/>
  <testcase classname="com.sgtesting.employee.pojoemptests.CreateEmployeeScenarioDemo" name="displayEmployee" time="0.263"/>
  <testcase classname="com.sgtesting.employee.pojoemptests.CreateEmployeeScenarioDemo" name="deleteEmployee" time="0.1"/>
</testsuite> <!-- Default test -->
