<?xml version="1.0" encoding="UTF-8"?>
<!-- Generated by org.testng.reporters.JUnitXMLReporter -->
<testsuite ignored="0" hostname="DESKTOP-RQSL0MD" failures="0" tests="3" name="Default test" time="0.064" errors="0" timestamp="2024-04-30T10:50:22 IST">
  <testcase classname="com.sgtesting.products.Products" name="createProduct" time="0.005"/>
  <testcase classname="com.sgtesting.products.Products" name="deletProduct" time="0.001"/>
  <testcase classname="com.sgtesting.products.Products" name="modifyProduct" time="0.003"/>
</testsuite> <!-- Default test -->
