<?xml version="1.0" encoding="UTF-8"?>
<!-- Generated by org.testng.reporters.JUnitXMLReporter -->
<testsuite ignored="0" hostname="DESKTOP-RQSL0MD" failures="0" tests="3" name="Users" time="0.057" errors="0" timestamp="2024-04-30T11:47:28 IST">
  <testcase classname="com.sgtesting.users.Users" name="createUser" time="0.004"/>
  <testcase classname="com.sgtesting.users.Users" name="deletUser" time="0.002"/>
  <testcase classname="com.sgtesting.users.Users" name="modifyUser" time="0.002"/>
</testsuite> <!-- Users -->
