<?xml version="1.0" encoding="UTF-8"?>
<!-- Generated by org.testng.reporters.JUnitXMLReporter -->
<testsuite ignored="0" hostname="DESKTOP-RQSL0MD" failures="0" tests="6" name="Users and Products" time="0.066" errors="0" timestamp="2024-04-30T11:40:28 IST">
  <testcase classname="com.sgtesting.users.Users" name="createUser" time="0.006"/>
  <testcase classname="com.sgtesting.users.Users" name="deletUser" time="0.001"/>
  <testcase classname="com.sgtesting.users.Users" name="modifyUser" time="0.001"/>
  <testcase classname="com.sgtesting.products.Products" name="createProduct" time="0.001"/>
  <testcase classname="com.sgtesting.products.Products" name="deletProduct" time="0.001"/>
  <testcase classname="com.sgtesting.products.Products" name="modifyProduct" time="0.001"/>
</testsuite> <!-- Users and Products -->
