<?xml version="1.0" encoding="UTF-8"?>
<testng-results ignored="0" total="6" passed="6" failed="0" skipped="0">
  <reporter-output>
  </reporter-output>
  <suite started-at="2024-05-04T10:42:11 IST" name="testcases" finished-at="2024-05-04T10:42:30 IST" duration-ms="19081">
    <groups>
    </groups>
    <test started-at="2024-05-04T10:42:11 IST" name="Unit Tests" finished-at="2024-05-04T10:42:30 IST" duration-ms="19081">
      <class name="com.sgtesting.prototype.testscenarios.LoginLogoutScenario">
        <test-method signature="launchBrowser()[pri:1, instance:com.sgtesting.prototype.testscenarios.LoginLogoutScenario@53fdffa1]" started-at="2024-05-04T10:42:11 IST" name="launchBrowser" finished-at="2024-05-04T10:42:12 IST" duration-ms="1901" status="PASS">
          <reporter-output>
          </reporter-output>
        </test-method> <!-- launchBrowser -->
        <test-method signature="navigate(java.lang.String)[pri:2, instance:com.sgtesting.prototype.testscenarios.LoginLogoutScenario@53fdffa1]" started-at="2024-05-04T10:42:12 IST" name="navigate" data-provider="url" finished-at="2024-05-04T10:42:20 IST" duration-ms="7379" status="PASS">
          <params>
            <param index="0">
              <value>
                <![CDATA[http://localhost/login.do]]>
              </value>
            </param>
          </params>
          <reporter-output>
          </reporter-output>
        </test-method> <!-- navigate -->
        <test-method signature="login(java.lang.String,java.lang.String)[pri:3, instance:com.sgtesting.prototype.testscenarios.LoginLogoutScenario@53fdffa1]" started-at="2024-05-04T10:42:20 IST" name="login" data-provider="logindata" finished-at="2024-05-04T10:42:25 IST" duration-ms="5229" status="PASS">
          <params>
            <param index="0">
              <value>
                <![CDATA[admin]]>
              </value>
            </param>
            <param index="1">
              <value>
                <![CDATA[manager]]>
              </value>
            </param>
          </params>
          <reporter-output>
          </reporter-output>
        </test-method> <!-- login -->
        <test-method signature="minimizeFlyOutWindow()[pri:4, instance:com.sgtesting.prototype.testscenarios.LoginLogoutScenario@53fdffa1]" started-at="2024-05-04T10:42:25 IST" name="minimizeFlyOutWindow" finished-at="2024-05-04T10:42:27 IST" duration-ms="2075" status="PASS">
          <reporter-output>
          </reporter-output>
        </test-method> <!-- minimizeFlyOutWindow -->
        <test-method signature="logout()[pri:5, instance:com.sgtesting.prototype.testscenarios.LoginLogoutScenario@53fdffa1]" started-at="2024-05-04T10:42:27 IST" name="logout" finished-at="2024-05-04T10:42:29 IST" duration-ms="2224" status="PASS">
          <reporter-output>
          </reporter-output>
        </test-method> <!-- logout -->
        <test-method signature="closeApplication()[pri:6, instance:com.sgtesting.prototype.testscenarios.LoginLogoutScenario@53fdffa1]" started-at="2024-05-04T10:42:29 IST" name="closeApplication" finished-at="2024-05-04T10:42:30 IST" duration-ms="219" status="PASS">
          <reporter-output>
          </reporter-output>
        </test-method> <!-- closeApplication -->
      </class> <!-- com.sgtesting.prototype.testscenarios.LoginLogoutScenario -->
    </test> <!-- Unit Tests -->
  </suite> <!-- testcases -->
</testng-results>
