<?xml version="1.0" encoding="UTF-8"?>
<!-- Generated by org.testng.reporters.JUnitXMLReporter -->
<testsuite ignored="0" hostname="DESKTOP-RQSL0MD" failures="0" tests="2" name="Default test" time="17.147" errors="0" timestamp="2024-05-04T10:32:51 IST">
  <testcase classname="com.sgtesting.prototype.testscenarios.LoginLogoutScenario" name="launchBrowser" time="4.426"/>
  <testcase classname="com.sgtesting.prototype.testscenarios.LoginLogoutScenario" name="navigate" time="12.674"/>
</testsuite> <!-- Default test -->
