<?xml version="1.0" encoding="UTF-8"?>
<testng-results ignored="0" total="3" passed="3" failed="0" skipped="0">
  <reporter-output>
  </reporter-output>
  <suite started-at="2024-06-19T11:57:23 IST" name="Default suite" finished-at="2024-06-19T11:57:26 IST" duration-ms="3024">
    <groups>
    </groups>
    <test started-at="2024-06-19T11:57:23 IST" name="Default test" finished-at="2024-06-19T11:57:26 IST" duration-ms="3024">
      <class name="com.sgtesting.employee.pojoemptests.CreateEmployeeScenarioDemo">
        <test-method signature="createEmployee()[pri:1, instance:com.sgtesting.employee.pojoemptests.CreateEmployeeScenarioDemo@50b5ac82]" started-at="2024-06-19T11:57:23 IST" name="createEmployee" finished-at="2024-06-19T11:57:26 IST" duration-ms="2605" status="PASS">
          <reporter-output>
          </reporter-output>
        </test-method> <!-- createEmployee -->
        <test-method signature="displayEmployee()[pri:2, instance:com.sgtesting.employee.pojoemptests.CreateEmployeeScenarioDemo@50b5ac82]" started-at="2024-06-19T11:57:26 IST" name="displayEmployee" finished-at="2024-06-19T11:57:26 IST" duration-ms="263" status="PASS">
          <reporter-output>
          </reporter-output>
        </test-method> <!-- displayEmployee -->
        <test-method signature="deleteEmployee()[pri:3, instance:com.sgtesting.employee.pojoemptests.CreateEmployeeScenarioDemo@50b5ac82]" started-at="2024-06-19T11:57:26 IST" name="deleteEmployee" finished-at="2024-06-19T11:57:26 IST" duration-ms="100" status="PASS">
          <reporter-output>
          </reporter-output>
        </test-method> <!-- deleteEmployee -->
      </class> <!-- com.sgtesting.employee.pojoemptests.CreateEmployeeScenarioDemo -->
    </test> <!-- Default test -->
  </suite> <!-- Default suite -->
</testng-results>
