<?xml version="1.0" encoding="UTF-8"?>
<testng-results ignored="3" total="6" passed="3" failed="0" skipped="0">
  <reporter-output>
  </reporter-output>
  <suite started-at="2024-04-30T11:53:44 IST" name="Testcases" finished-at="2024-04-30T11:53:44 IST" duration-ms="55">
    <groups>
    </groups>
    <test started-at="2024-04-30T11:53:44 IST" name="Users and Products" finished-at="2024-04-30T11:53:44 IST" duration-ms="55">
      <class name="com.sgtesting.products.Products">
        <test-method is-config="true" signature="setUp()[pri:0, instance:com.sgtesting.products.Products@28f3b248]" started-at="2024-04-30T11:53:44 IST" name="setUp" finished-at="2024-04-30T11:53:44 IST" duration-ms="1" status="PASS">
          <reporter-output>
          </reporter-output>
        </test-method> <!-- setUp -->
        <test-method signature="createProduct()[pri:0, instance:com.sgtesting.products.Products@28f3b248]" started-at="2024-04-30T11:53:44 IST" name="createProduct" finished-at="2024-04-30T11:53:44 IST" duration-ms="1" status="PASS">
          <reporter-output>
          </reporter-output>
        </test-method> <!-- createProduct -->
        <test-method signature="deletProduct()[pri:0, instance:com.sgtesting.products.Products@28f3b248]" started-at="2024-04-30T11:53:44 IST" name="deletProduct" finished-at="2024-04-30T11:53:44 IST" duration-ms="2" status="PASS">
          <reporter-output>
          </reporter-output>
        </test-method> <!-- deletProduct -->
        <test-method is-config="true" signature="tearDown()[pri:0, instance:com.sgtesting.products.Products@28f3b248]" started-at="2024-04-30T11:53:44 IST" name="tearDown" finished-at="2024-04-30T11:53:44 IST" duration-ms="1" status="PASS">
          <reporter-output>
          </reporter-output>
        </test-method> <!-- tearDown -->
      </class> <!-- com.sgtesting.products.Products -->
      <class name="com.sgtesting.users.Users">
        <test-method is-config="true" signature="setUp()[pri:0, instance:com.sgtesting.users.Users@10d307f1]" started-at="2024-04-30T11:53:44 IST" name="setUp" finished-at="2024-04-30T11:53:44 IST" duration-ms="6" status="PASS">
          <reporter-output>
          </reporter-output>
        </test-method> <!-- setUp -->
        <test-method signature="createUser()[pri:0, instance:com.sgtesting.users.Users@10d307f1]" started-at="2024-04-30T11:53:44 IST" name="createUser" finished-at="2024-04-30T11:53:44 IST" duration-ms="5" status="PASS">
          <reporter-output>
          </reporter-output>
        </test-method> <!-- createUser -->
        <test-method is-config="true" signature="tearDown()[pri:0, instance:com.sgtesting.users.Users@10d307f1]" started-at="2024-04-30T11:53:44 IST" name="tearDown" finished-at="2024-04-30T11:53:44 IST" duration-ms="0" status="PASS">
          <reporter-output>
          </reporter-output>
        </test-method> <!-- tearDown -->
      </class> <!-- com.sgtesting.users.Users -->
    </test> <!-- Users and Products -->
  </suite> <!-- Testcases -->
</testng-results>
