<?xml version="1.0" encoding="UTF-8"?>
<!-- Generated by org.testng.reporters.JUnitXMLReporter -->
<testsuite ignored="3" hostname="DESKTOP-RQSL0MD" failures="0" tests="3" name="Users and Products" time="0.055" errors="0" timestamp="2024-04-30T11:53:44 IST">
  <testcase classname="com.sgtesting.users.Users" name="createUser" time="0.005"/>
  <testcase classname="com.sgtesting.products.Products" name="createProduct" time="0.001"/>
  <testcase classname="com.sgtesting.products.Products" name="deletProduct" time="0.002"/>
  <testcase classname="com.sgtesting.users.Users" name="modifyUser" time="0.0">
    <ignored/>
  </testcase> <!-- modifyUser -->
  <testcase classname="com.sgtesting.users.Users" name="deletUser" time="0.0">
    <ignored/>
  </testcase> <!-- deletUser -->
  <testcase classname="com.sgtesting.products.Products" name="modifyProduct" time="0.0">
    <ignored/>
  </testcase> <!-- modifyProduct -->
</testsuite> <!-- Users and Products -->
