<?xml version="1.0" encoding="UTF-8"?>
<!-- Generated by org.testng.reporters.JUnitXMLReporter -->
<testsuite ignored="0" hostname="DESKTOP-RQSL0MD" failures="0" tests="6" name="Unit Tests" time="19.081" errors="0" timestamp="2024-05-04T10:42:30 IST">
  <testcase classname="com.sgtesting.prototype.testscenarios.LoginLogoutScenario" name="launchBrowser" time="1.901"/>
  <testcase classname="com.sgtesting.prototype.testscenarios.LoginLogoutScenario" name="navigate" time="7.379"/>
  <testcase classname="com.sgtesting.prototype.testscenarios.LoginLogoutScenario" name="login" time="5.229"/>
  <testcase classname="com.sgtesting.prototype.testscenarios.LoginLogoutScenario" name="minimizeFlyOutWindow" time="2.075"/>
  <testcase classname="com.sgtesting.prototype.testscenarios.LoginLogoutScenario" name="logout" time="2.224"/>
  <testcase classname="com.sgtesting.prototype.testscenarios.LoginLogoutScenario" name="closeApplication" time="0.219"/>
</testsuite> <!-- Unit Tests -->
